(150 / -3 / 10 / -2.5) = 2
(5 + 16 * -3 + 10 * 12) = 77
(1.5 * 4 * -2.5 * -8 * -15) = -1800
(150 / -3 / 10 / -2.5) = 2
(5 + 16 * -3 + 10 * 12) = 77
(1.5 * 4 * -2.5 * -8 * -15) = -1800
(150 / -3 / 10 / -2.5) = 2
5 + 16*-3 + 10*12 = 77
(1.5 * 4 * -2.5 * -8 * -15) = -1800
(150 / -3 / 10 / -2.5) < Total 4 > 
< Result 2 >
5 + 16*-3 + 10*12 < Total 5 > 
< Result 77 >
(1.5 * 4 * -2.5 * -8 * -15) < Total 5 > 
< Result -1800 >
150 / -3 / 10 / -2.5 < Total 4 > 
< Result 2 >
5 + 16*-3 + 10*12 < Total 5 > 
< Result 77 >
1.5 * 4 * -2.5 * -8 * -15 < Total 5 > 
< Result -1800 >
150 / -3 / 10 / -2.5 < Total 4 > 
< Result 2 >
5 + 16*-3 + 10*12 < Total 5 > 
< Result 77 >
1.5 * 4 * -2.5 * -8 * -15 < Total 5 > 
< Result -1800 >
150 / -3 / 10 / -2.5 < Total 4 > 
< Result 2 >
5 + 16*-3 + 10*12 < Total 5 > 
< Result 77 >
1.5 * 4 * -2.5 * -8 * -15 < Total 5 > 
< Result -1800 >
150 / -3 / 10 / -2.5 < Total 4 > 
< Result 2 >
5 + 16*-3 + 10*12 < Total 5 > 
< Result 77 >
1.5 * 4 * -2.5 * -8 * -15 < Total 5 > 
< Result -1800 >
